Arguments: 
  C:\Program Files\nodejs\node.exe C:\Program Files (x86)\Yarn\bin\yarn.js add eslint --dev

PATH: 
  C:\Python27\;C:\Python27\Scripts;C:\WINDOWS\system32;C:\WINDOWS;C:\WINDOWS\System32\Wbem;C:\WINDOWS\System32\WindowsPowerShell\v1.0\;C:\WINDOWS\System32\OpenSSH\;C:\Program Files\nodejs\;C:\HaxeToolkit\haxe;C:\HaxeToolkit\neko;C:\Program Files\Git\cmd;C:\ProgramData\chocolatey\bin;C:\Program Files\Java\jdk1.8.0_211\bin;C:\Program Files\PuTTY\;C:\Program Files (x86)\Yarn\bin\;C:\Users\Djonn\AppData\Local\Microsoft\WindowsApps;C:\Users\Djonn\AppData\Roaming\npm;C:\Users\Djonn\AppData\Local\Programs\Microsoft VS Code\bin;C:\Users\Djonn\AppData\Local\Android\Sdk\platform-tools;C:\Users\Djonn\AppData\Local\Yarn\bin

Yarn version: 
  1.21.1

Node version: 
  12.13.1

Platform: 
  win32 x64

Trace: 
  SyntaxError: D:\Work\Projects\dsr\graph\package.json: Unexpected string in JSON at position 108
      at JSON.parse (<anonymous>)
      at C:\Program Files (x86)\Yarn\lib\cli.js:1625:59
      at Generator.next (<anonymous>)
      at step (C:\Program Files (x86)\Yarn\lib\cli.js:310:30)
      at C:\Program Files (x86)\Yarn\lib\cli.js:321:13

npm manifest: 
  {
    "name": "graph",
    "version": "1.0.0",
    "main": "index.js",
    "scripts": {
      "start": ".bin/tsc"
      "test": "echo \"Error: no test specified\" && exit 1"
    },
    "author": "djonnyx",
    "license": "ISC",
    "description": "",
    "dependencies": {},
    "devDependencies": {
      "typescript": "^3.8.3"
    }
  }

yarn manifest: 
  No manifest

Lockfile: 
  # THIS IS AN AUTOGENERATED FILE. DO NOT EDIT THIS FILE DIRECTLY.
  # yarn lockfile v1
  
  
  typescript@^3.8.3:
    version "3.8.3"
    resolved "https://registry.yarnpkg.com/typescript/-/typescript-3.8.3.tgz#409eb8544ea0335711205869ec458ab109ee1061"
    integrity sha512-MYlEfn5VrLNsgudQTVJeNaQFUAI7DkhnOjdpAp4T+ku1TfQClewlbSuTVHiA+8skNBgaf02TL/kLOvig4y3G8w==
